<?xml version="1.0" encoding="UTF-8"?>
<!-- Generated by org.testng.reporters.JUnitReportReporter -->
<testsuite hostname="NAUSP-ELPT82228" failures="0" tests="5" name="test.TestNGGroups_Demo" time="0.032" errors="0" timestamp="2020-06-20T16:17:18 EDT" skipped="0">
  <testcase classname="test.TestNGGroups_Demo" name="test2" time="0.005"/>
  <system-out/>
  <testcase classname="test.TestNGGroups_Demo" name="test4" time="0.003"/>
  <system-out/>
  <testcase classname="test.TestNGGroups_Demo" name="test3" time="0.003"/>
  <system-out/>
  <testcase classname="test.TestNGGroups_Demo" name="test1" time="0.018"/>
  <system-out/>
  <testcase classname="test.TestNGGroups_Demo" name="test5" time="0.003"/>
  <system-out/>
</testsuite> <!-- test.TestNGGroups_Demo -->
