<?xml version="1.0" encoding="UTF-8"?>
<!-- Generated by org.testng.reporters.JUnitReportReporter -->
<testsuite hostname="NAUSP-ELPT82228" failures="0" tests="4" name="listener.TestNGListenerDemo" time="0.028" errors="0" timestamp="2020-06-18T19:17:08 EDT" skipped="0">
  <testcase classname="listener.TestNGListenerDemo" name="test3" time="0.002"/>
  <system-out/>
  <testcase classname="listener.TestNGListenerDemo" name="a" time="0.018"/>
  <system-out/>
  <testcase classname="listener.TestNGListenerDemo" name="b" time="0.001"/>
  <system-out/>
  <testcase classname="listener.TestNGListenerDemo" name="test4" time="0.007"/>
  <system-out/>
</testsuite> <!-- listener.TestNGListenerDemo -->
