<?xml version="1.0" encoding="UTF-8"?>
<!-- Generated by org.testng.reporters.JUnitReportReporter -->
<testsuite hostname="NAUSP-ELPT82228" failures="0" tests="1" name="test.TestNG_Demo" time="10.187" errors="0" timestamp="2020-06-14T15:10:15 EDT" skipped="0">
  <testcase classname="test.TestNG_Demo" name="googlesearch" time="10.187"/>
  <system-out/>
</testsuite> <!-- test.TestNG_Demo -->
