<?xml version="1.0" encoding="UTF-8"?>
<!-- Generated by org.testng.reporters.JUnitReportReporter -->
<testsuite hostname="NAUSP-ELPT82228" failures="0" tests="2" name="test.TestNGMultiBrowserDemo" time="5.645" errors="0" timestamp="2020-06-18T19:56:49 EDT" skipped="0">
  <testcase classname="test.TestNGMultiBrowserDemo" name="test1" time="1.780"/>
  <system-out/>
  <testcase classname="test.TestNGMultiBrowserDemo" name="test1" time="3.865"/>
  <system-out/>
</testsuite> <!-- test.TestNGMultiBrowserDemo -->
