<?xml version="1.0" encoding="UTF-8"?>
<!-- Generated by org.testng.reporters.JUnitReportReporter -->
<testsuite hostname="NAUSP-ELPT82228" failures="0" tests="1" name="test.FluentWaitDemo" time="20.232" errors="0" timestamp="2020-06-21T18:02:25 EDT" skipped="0">
  <testcase classname="test.FluentWaitDemo" name="test1" time="20.232"/>
  <system-out/>
</testsuite> <!-- test.FluentWaitDemo -->
